ERROR skinminer.access Content resolution failed for paper_id=paper_c6279e4bdbde doi=10.1016/j.carbpol.2015.12.010
Traceback (most recent call last):
  File "C:\Users\yz02380\AppData\Local\Programs\Python\Python313\Lib\site-packages\urllib3\connection.py", line 198, in _new_conn
    sock = connection.create_connection(
        (self._dns_host, self.port),
    ...<2 lines>...
        socket_options=self.socket_options,
    )
  File "C:\Users\yz02380\AppData\Local\Programs\Python\Python313\Lib\site-packages\urllib3\util\connection.py", line 60, in create_connection
    for res in socket.getaddrinfo(host, port, family, socket.SOCK_STREAM):
               ~~~~~~~~~~~~~~~~~~^^^^^^^^^^^^^^^^^^^^^^^^^^^^^^^^^^^^^^^^
  File "C:\Users\yz02380\AppData\Local\Programs\Python\Python313\Lib\socket.py", line 977, in getaddrinfo
    for res in _socket.getaddrinfo(host, port, family, type, proto, flags):
               ~~~~~~~~~~~~~~~~~~~^^^^^^^^^^^^^^^^^^^^^^^^^^^^^^^^^^^^^^^^
socket.gaierror: [Errno 11002] getaddrinfo failed

The above exception was the direct cause of the following exception:

Traceback (most recent call last):
  File "C:\Users\yz02380\AppData\Local\Programs\Python\Python313\Lib\site-packages\urllib3\connectionpool.py", line 787, in urlopen
    response = self._make_request(
        conn,
    ...<10 lines>...
        **response_kw,
    )
  File "C:\Users\yz02380\AppData\Local\Programs\Python\Python313\Lib\site-packages\urllib3\connectionpool.py", line 488, in _make_request
    raise new_e
  File "C:\Users\yz02380\AppData\Local\Programs\Python\Python313\Lib\site-packages\urllib3\connectionpool.py", line 464, in _make_request
    self._validate_conn(conn)
    ~~~~~~~~~~~~~~~~~~~^^^^^^
  File "C:\Users\yz02380\AppData\Local\Programs\Python\Python313\Lib\site-packages\urllib3\connectionpool.py", line 1093, in _validate_conn
    conn.connect()
    ~~~~~~~~~~~~^^
  File "C:\Users\yz02380\AppData\Local\Programs\Python\Python313\Lib\site-packages\urllib3\connection.py", line 753, in connect
    self.sock = sock = self._new_conn()
                       ~~~~~~~~~~~~~~^^
  File "C:\Users\yz02380\AppData\Local\Programs\Python\Python313\Lib\site-packages\urllib3\connection.py", line 205, in _new_conn
    raise NameResolutionError(self.host, self, e) from e
urllib3.exceptions.NameResolutionError: <urllib3.connection.HTTPSConnection object at 0x000002009C1A7610>: Failed to resolve 'eprints.kingston.ac.uk' ([Errno 11002] getaddrinfo failed)

The above exception was the direct cause of the following exception:

Traceback (most recent call last):
  File "C:\Users\yz02380\AppData\Local\Programs\Python\Python313\Lib\site-packages\requests\adapters.py", line 644, in send
    resp = conn.urlopen(
        method=request.method,
    ...<9 lines>...
        chunked=chunked,
    )
  File "C:\Users\yz02380\AppData\Local\Programs\Python\Python313\Lib\site-packages\urllib3\connectionpool.py", line 841, in urlopen
    retries = retries.increment(
        method, url, error=new_e, _pool=self, _stacktrace=sys.exc_info()[2]
    )
  File "C:\Users\yz02380\AppData\Local\Programs\Python\Python313\Lib\site-packages\urllib3\util\retry.py", line 519, in increment
    raise MaxRetryError(_pool, url, reason) from reason  # type: ignore[arg-type]
    ^^^^^^^^^^^^^^^^^^^^^^^^^^^^^^^^^^^^^^^^^^^^^^^^^^^
urllib3.exceptions.MaxRetryError: HTTPSConnectionPool(host='eprints.kingston.ac.uk', port=443): Max retries exceeded with url: /id/eprint/33742/1/Alany-R-33742.pdf (Caused by NameResolutionError("<urllib3.connection.HTTPSConnection object at 0x000002009C1A7610>: Failed to resolve 'eprints.kingston.ac.uk' ([Errno 11002] getaddrinfo failed)"))

During handling of the above exception, another exception occurred:

Traceback (most recent call last):
  File "C:\Users\yz02380\OneDrive - University of Surrey\Science Research\Codes\SkinMiner\access\resolve_content.py", line 275, in resolve_content_batch
    item = resolve_content_for_paper(
        row,
    ...<3 lines>...
        require_legacy_pdf=require_legacy_pdf,
    )
  File "C:\Users\yz02380\OneDrive - University of Surrey\Science Research\Codes\SkinMiner\access\resolve_content.py", line 192, in resolve_content_for_paper
    materialized, action = _materialize_asset(access_urls["pdf"], pdf_path)
                           ~~~~~~~~~~~~~~~~~~^^^^^^^^^^^^^^^^^^^^^^^^^^^^^^
  File "C:\Users\yz02380\OneDrive - University of Surrey\Science Research\Codes\SkinMiner\access\resolve_content.py", line 128, in _materialize_asset
    downloaded = _download_asset(url, destination)
  File "C:\Users\yz02380\OneDrive - University of Surrey\Science Research\Codes\SkinMiner\access\resolve_content.py", line 103, in _download_asset
    response = _requests_get_with_retries(
        url,
    ...<4 lines>...
        max_retries=4,
    )
  File "C:\Users\yz02380\OneDrive - University of Surrey\Science Research\Codes\SkinMiner\access\resolve_content.py", line 56, in _requests_get_with_retries
    raise last_exc
  File "C:\Users\yz02380\OneDrive - University of Surrey\Science Research\Codes\SkinMiner\access\resolve_content.py", line 38, in _requests_get_with_retries
    response = requests.get(
        url,
    ...<4 lines>...
        allow_redirects=allow_redirects,
    )
  File "C:\Users\yz02380\AppData\Local\Programs\Python\Python313\Lib\site-packages\requests\api.py", line 73, in get
    return request("get", url, params=params, **kwargs)
  File "C:\Users\yz02380\AppData\Local\Programs\Python\Python313\Lib\site-packages\requests\api.py", line 59, in request
    return session.request(method=method, url=url, **kwargs)
           ~~~~~~~~~~~~~~~^^^^^^^^^^^^^^^^^^^^^^^^^^^^^^^^^^
  File "C:\Users\yz02380\AppData\Local\Programs\Python\Python313\Lib\site-packages\requests\sessions.py", line 589, in request
    resp = self.send(prep, **send_kwargs)
  File "C:\Users\yz02380\AppData\Local\Programs\Python\Python313\Lib\site-packages\requests\sessions.py", line 703, in send
    r = adapter.send(request, **kwargs)
  File "C:\Users\yz02380\AppData\Local\Programs\Python\Python313\Lib\site-packages\requests\adapters.py", line 677, in send
    raise ConnectionError(e, request=request)
requests.exceptions.ConnectionError: HTTPSConnectionPool(host='eprints.kingston.ac.uk', port=443): Max retries exceeded with url: /id/eprint/33742/1/Alany-R-33742.pdf (Caused by NameResolutionError("<urllib3.connection.HTTPSConnection object at 0x000002009C1A7610>: Failed to resolve 'eprints.kingston.ac.uk' ([Errno 11002] getaddrinfo failed)"))
WARNING skinminer.extractors.text Skipping text extraction for paper_02968484f14a due to missing source: No usable structured text source could be loaded and no local PDF is available for paper_id=paper_02968484f14a
